AUTHOR ID: 745157949122543686
AUTHOR NAME: undefined

TIME AND DATE:2022-02-06 10:47:2

CONTENT:

$t gay

----------------------------------| END OF MESSAGE |-------------------------------------------

AUTHOR ID: 745157949122543686

CHANNEL:774881534795579435

TIME AND DATE:2022-02-06 10:50:4

CONTENT:

$t gay

----------------------------------| END OF MESSAGE |-------------------------------------------AUTHOR ID: 745157949122543686

CHANNEL: 774881534795579435

TIME AND DATE: 2022-02-06 10:56:58

CONTENT:

$t help

----------------------------------| END OF MESSAGE |-------------------------------------------


AUTHOR ID: 745157949122543686

CHANNEL: 774881534795579435

TIME AND DATE: 2022-02-06 11:2:53

CONTENT:

$t help

----------------------------------| END OF MESSAGE |-------------------------------------------


AUTHOR ID: 745157949122543686

CHANNEL: 774881534795579435

TIME AND DATE: 2022-02-06 11:4:30

CONTENT:

$t help

----------------------------------| END OF MESSAGE |-------------------------------------------


AUTHOR ID: 745157949122543686

CHANNEL: 774881534795579435

TIME AND DATE: 2022-02-06 11:13:1

CONTENT:

$t music djfiouhrg

----------------------------------| END OF MESSAGE |-------------------------------------------


AUTHOR ID: 745157949122543686

CHANNEL: 774881534795579435

TIME AND DATE: 2022-02-06 11:13:43

CONTENT:

$t music jiwofheorf

----------------------------------| END OF MESSAGE |-------------------------------------------


