AUTHOR ID: 745157949122543686

CHANNEL: 774881534795579435

TIME AND DATE: 2022-02-06 10:56:31

CONTENT:

w

----------------------------------| END OF MESSAGE |-------------------------------------------


AUTHOR ID: 745157949122543686

CHANNEL: 774881534795579435

TIME AND DATE: 2022-02-06 10:56:43

CONTENT:

herehorhg

----------------------------------| END OF MESSAGE |-------------------------------------------


AUTHOR ID: 877076750625017896

CHANNEL: 774881534795579435

TIME AND DATE: 2022-02-06 10:56:59

CONTENT:

USED $t help
```
command list:
gay - check how much gay you are (my developer is LGBT)

sexy - check how much sexy you are 

define my message - defindes the message you just sent

nitro - sends a fake nitro link straight to a brand new rickroll link *evil laughing

size felan - size felane shoma ro mige```

----------------------------------| END OF MESSAGE |-------------------------------------------


AUTHOR ID: 877076750625017896

CHANNEL: 774881534795579435

TIME AND DATE: 2022-02-06 11:2:53

CONTENT:

USED $t help
```
command list:
gay - check how much gay you are (my developer is LGBT)

sexy - check how much sexy you are 

define my message - defindes the message you just sent

nitro - sends a fake nitro link straight to a brand new rickroll link *evil laughing

random image - send's a random image produced by picsum.photos```

----------------------------------| END OF MESSAGE |-------------------------------------------


AUTHOR ID: 745157949122543686

CHANNEL: 774881534795579435

TIME AND DATE: 2022-02-06 11:13:48

CONTENT:

YES

----------------------------------| END OF MESSAGE |-------------------------------------------


AUTHOR ID: 745157949122543686

CHANNEL: 774881534795579435

TIME AND DATE: 2022-02-06 11:13:49

CONTENT:

ok

----------------------------------| END OF MESSAGE |-------------------------------------------


AUTHOR ID: 829024773799280670

CHANNEL: 898922940639379456

TIME AND DATE: 2022-02-06 13:59:0

CONTENT:

!p bliding lights

----------------------------------| END OF MESSAGE |-------------------------------------------


