FROM: 745157949122543686

MESSAGE CONTENT: 

test


----------------------------------| END OF MESSAGE |-------------------------------------------

FROM: 745157949122543686

MESSAGE CONTENT: 

test


----------------------------------| END OF MESSAGE |-------------------------------------------

FROM: 745157949122543686

MESSAGE CONTENT: 

test


----------------------------------| END OF MESSAGE |-------------------------------------------

FROM: 745157949122543686

MESSAGE CONTENT: 

test


----------------------------------| END OF MESSAGE |-------------------------------------------

FROM: 745157949122543686

MESSAGE CONTENT: 

test


----------------------------------| END OF MESSAGE |-------------------------------------------

FROM: 745157949122543686

MESSAGE CONTENT: 

test


----------------------------------| END OF MESSAGE |-------------------------------------------

FROM: 745157949122543686

MESSAGE CONTENT: 

hello there


----------------------------------| END OF MESSAGE |-------------------------------------------

FROM: 745157949122543686

MESSAGE CONTENT: 

F


----------------------------------| END OF MESSAGE |-------------------------------------------

FROM: 795587326491230238

MESSAGE CONTENT: 

alie midoni kobra akhe kheyli gavi


----------------------------------| END OF MESSAGE |-------------------------------------------

FROM: 780133749669101659

MESSAGE CONTENT: 

pedaret


----------------------------------| END OF MESSAGE |-------------------------------------------

FROM: 780133749669101659

MESSAGE CONTENT: 

pedaret


----------------------------------| END OF MESSAGE |-------------------------------------------

